* using log directory 'C:/Users/BSE/Documents/MaxVonMylius/HiWi/QualityOfLife/Github/ABRSQOL-toolkit/R/ABRSQOL.Rcheck'
* using R version 4.4.1 (2024-06-14 ucrt)
* using platform: x86_64-w64-mingw32
* R was compiled by
    gcc.exe (GCC) 13.2.0
    GNU Fortran (GCC) 13.2.0
* running under: Windows 10 x64 (build 19045)
* using session charset: UTF-8
* checking for file 'ABRSQOL/DESCRIPTION' ... OK
* checking extension type ... Package
* this is package 'ABRSQOL' version '1.0.0'
* package encoding: UTF-8
* checking package namespace information ... OK
* checking package dependencies ... OK
* checking if this is a source package ... OK
* checking if there is a namespace ... OK
* checking for executable files ... OK
* checking for hidden files and directories ... OK
* checking for portable file names ... OK
* checking whether package 'ABRSQOL' can be installed ... OK
* checking installed package size ... OK
* checking package directory ... OK
* checking DESCRIPTION meta-information ... NOTE
License stub is invalid DCF.
Das Authors@R Feld enthält keine Person mit Namen und Rollen
Das Authors@R Feld enthält keine Person als Maintainer mit zulässiger
Mailadresse und nicht-leerem Namen
Checking should be performed on sources prepared by 'R CMD build'.
* checking top-level files ... OK
* checking for left-over files ... OK
* checking index information ... OK
* checking package subdirectories ... OK
* checking code files for non-ASCII characters ... OK
* checking R files for syntax errors ... OK
* checking whether the package can be loaded ... OK
* checking whether the package can be loaded with stated dependencies ... OK
* checking whether the package can be unloaded cleanly ... OK
* checking whether the namespace can be loaded with stated dependencies ... OK
* checking whether the namespace can be unloaded cleanly ... OK
* checking loading without being on the library search path ... OK
* checking dependencies in R code ... OK
* checking S3 generic/method consistency ... OK
* checking replacement functions ... OK
* checking foreign function calls ... OK
* checking R code for possible problems ... OK
* checking Rd files ... OK
* checking Rd metadata ... OK
* checking Rd cross-references ... OK
* checking for missing documentation entries ... OK
* checking for code/documentation mismatches ... OK
* checking Rd \usage sections ... OK
* checking Rd contents ... OK
* checking for unstated dependencies in examples ... OK
* checking contents of 'data' directory ... OK
* checking data for non-ASCII characters ... WARNING
  Warning: found non-ASCII strings
  'L<c3><bc>beck' in object 'ABRSQOL_testdata'
  'G<c3><b6>ttingen' in object 'ABRSQOL_testdata'
  'L<c3><bc>chow-Dannenberg' in object 'ABRSQOL_testdata'
  'Osnabr<c3><bc>ck' in object 'ABRSQOL_testdata'
  'D<c3><bc>sseldorf' in object 'ABRSQOL_testdata'
  'K<c3><b6>ln' in object 'ABRSQOL_testdata'
  'M<c3><bc>nster' in object 'ABRSQOL_testdata'
  'H<c3><b6>xter' in object 'ABRSQOL_testdata'
  'Gie<c3><9f>en' in object 'ABRSQOL_testdata'
  'B<c3><b6>blingen' in object 'ABRSQOL_testdata'
  'G<c3><b6>ppingen' in object 'ABRSQOL_testdata'
  'Schw<c3><a4>bisch Hall' in object 'ABRSQOL_testdata'
  'L<c3><b6>rrach' in object 'ABRSQOL_testdata'
  'M<c3><bc>nchen' in object 'ABRSQOL_testdata'
  'Alt<c3><b6>tting' in object 'ABRSQOL_testdata'
  'N<c3><bc>rnberg' in object 'ABRSQOL_testdata'
  'Wei<c3><9f>enburg-Gunzenhausen' in object 'ABRSQOL_testdata'
  'W<c3><bc>rzburg' in object 'ABRSQOL_testdata'
  'Saarbr<c3><bc>cken' in object 'ABRSQOL_testdata'
  'M<c3><a4>rkisch-Oderland' in object 'ABRSQOL_testdata'
  'Teltow-Fl<c3><a4>ming' in object 'ABRSQOL_testdata'
  'S<c3><bc>dvorpommern' in object 'ABRSQOL_testdata'
  'Dessau-Ro<c3><9f>lau' in object 'ABRSQOL_testdata'
* checking data for ASCII and uncompressed saves ... OK
* checking examples ... OK
* checking for unstated dependencies in 'tests' ... OK
* checking tests ... OK
  Running 'testthat.R'
* checking PDF version of manual ... WARNING
LaTeX errors when creating PDF version.
This typically indicates Rd problems.
* checking PDF version of manual without index ... ERROR
Re-running with no redirection of stdout/stderr.
* DONE
Status: 1 ERROR, 2 WARNINGs, 1 NOTE
